0 verbose cli C:\Program Files\nodejs\node.exe C:\Users\sonesh nema\AppData\Roaming\npm\node_modules\npm\bin\npm-cli.js
1 info using npm@9.6.2
2 info using node@v18.12.1
3 timing npm:load:whichnode Completed in 5ms
4 timing config:load:defaults Completed in 5ms
5 timing config:load:file:C:\Users\sonesh nema\AppData\Roaming\npm\node_modules\npm\npmrc Completed in 8ms
6 timing config:load:builtin Completed in 10ms
7 timing config:load:cli Completed in 3ms
8 timing config:load:env Completed in 1ms
9 timing config:load:file:C:\Users\sonesh nema\Videos\Assignment\.npmrc Completed in 1ms
10 timing config:load:project Completed in 20ms
11 timing config:load:file:C:\Users\sonesh nema\.npmrc Completed in 3ms
12 timing config:load:user Completed in 4ms
13 timing config:load:file:C:\Users\sonesh nema\AppData\Roaming\npm\etc\npmrc Completed in 2ms
14 timing config:load:global Completed in 3ms
15 timing config:load:setEnvs Completed in 4ms
16 timing config:load Completed in 54ms
17 timing npm:load:configload Completed in 54ms
18 timing npm:load:mkdirpcache Completed in 1ms
19 timing npm:load:mkdirplogs Completed in 1ms
20 verbose title npm exec tsc --init
21 verbose argv "exec" "--" "tsc" "--init"
22 timing npm:load:setTitle Completed in 5ms
23 timing config:load:flatten Completed in 29ms
24 timing npm:load:display Completed in 32ms
25 verbose logfile logs-max:10 dir:C:\Users\sonesh nema\Videos\Assignment\_logs\2023-05-15T03_39_37_667Z-
26 verbose logfile C:\Users\sonesh nema\Videos\Assignment\_logs\2023-05-15T03_39_37_667Z-debug-0.log
27 timing npm:load:logFile Completed in 27ms
28 timing npm:load:timers Completed in 1ms
29 timing npm:load:configScope Completed in 0ms
30 timing npm:load Completed in 133ms
31 silly logfile done cleaning log files
32 timing command:exec Completed in 1075ms
33 verbose exit 0
34 timing npm Completed in 1421ms
35 info ok
