0 verbose cli C:\Program Files\nodejs\node.exe C:\Users\sonesh nema\AppData\Roaming\npm\node_modules\npm\bin\npm-cli.js
1 info using npm@9.6.2
2 info using node@v18.12.1
3 timing npm:load:whichnode Completed in 3ms
4 timing config:load:defaults Completed in 4ms
5 timing config:load:file:C:\Users\sonesh nema\AppData\Roaming\npm\node_modules\npm\npmrc Completed in 3ms
6 timing config:load:builtin Completed in 3ms
7 timing config:load:cli Completed in 6ms
8 timing config:load:env Completed in 1ms
9 timing config:load:project Completed in 3ms
10 timing config:load:file:C:\Users\sonesh nema\.npmrc Completed in 2ms
11 timing config:load:user Completed in 2ms
12 timing config:load:file:C:\Users\sonesh nema\AppData\Roaming\npm\etc\npmrc Completed in 1ms
13 timing config:load:global Completed in 2ms
14 timing config:load:setEnvs Completed in 2ms
15 timing config:load Completed in 26ms
16 timing npm:load:configload Completed in 26ms
17 timing npm:load:mkdirpcache Completed in 1ms
18 timing npm:load:mkdirplogs Completed in 2ms
19 verbose title npm init
20 verbose argv "init" "--yes"
21 timing npm:load:setTitle Completed in 4ms
22 timing config:load:flatten Completed in 28ms
23 timing npm:load:display Completed in 31ms
24 verbose logfile logs-max:10 dir:C:\Users\sonesh nema\Videos\Assignment\_logs\2023-05-15T03_26_53_358Z-
25 verbose logfile C:\Users\sonesh nema\Videos\Assignment\_logs\2023-05-15T03_26_53_358Z-debug-0.log
26 timing npm:load:logFile Completed in 21ms
27 timing npm:load:timers Completed in 0ms
28 timing npm:load:configScope Completed in 0ms
29 timing npm:load Completed in 89ms
30 silly logfile done cleaning log files
31 silly package data {
31 silly package data   name: 'assignment',
31 silly package data   version: '1.0.0',
31 silly package data   description: '',
31 silly package data   main: 'index.js',
31 silly package data   scripts: { test: 'echo "Error: no test specified" && exit 1' },
31 silly package data   keywords: [],
31 silly package data   author: '',
31 silly package data   license: 'ISC'
31 silly package data }
32 timing command:init Completed in 300ms
33 verbose exit 0
34 timing npm Completed in 795ms
35 info ok
